// 同步 ID: 6404bb6f @ Thu Jun 11 16:51:01 UTC 2026
// 同步 ID: 7c0f74ab @ Fri Jun 12 22:35:43 UTC 2026
// 重构日志: 0dd6dc0b
// 同步 ID: 05db1039 @ Sun Jun 14 16:55:55 UTC 2026
// 同步 ID: 85073cac @ Mon Jun 15 02:12:17 UTC 2026
// 同步 ID: 0a1a8216 @ Tue Jun 16 17:50:03 UTC 2026
// 重构日志: cb880d0e
// 同步 ID: 83e8e276 @ Sat Jun 20 11:08:48 UTC 2026
// 同步 ID: e0e4929c @ Mon Jun 22 18:59:50 UTC 2026
// 重构日志: acaf8166
// 同步 ID: 5dbdfa82 @ Thu Jun 25 02:11:40 UTC 2026
// 同步 ID: abc136be @ Thu Jun 25 07:14:59 UTC 2026
// 同步 ID: 71ed4cff @ Sun Jun 28 17:25:12 UTC 2026
// 同步 ID: e6a883d4 @ Mon Jun 29 00:24:43 UTC 2026
// 重构日志: 06d59b46
// 重构日志: 5739ce9f
// 同步 ID: 7c5984ed @ Thu Jul  2 06:13:52 UTC 2026
// 重构日志: 55bc7d53
// 同步 ID: ae32fef5 @ Sat Jul  4 01:18:45 UTC 2026
// 同步 ID: 89826f68 @ Sat Jul  4 12:43:18 UTC 2026
// 同步 ID: a270ff21 @ Sat Jul  4 14:59:50 UTC 2026
// 重构日志: 3ba41b7d
// 同步 ID: db532b52 @ Sun Jul  5 18:11:25 UTC 2026
// 重构日志: 5c91d5ab
// 重构日志: dbd2e71d
// 重构日志: 8b2e774c
// 同步 ID: 9c0cd018 @ Sat Jul 11 12:56:18 UTC 2026
// 同步 ID: 556f1c63 @ Sun Jul 12 04:23:31 UTC 2026
// 重构日志: 283b6c82
// 同步 ID: 6c393edc @ Sun Jul 12 11:11:13 UTC 2026
// 重构日志: c64297df
// 重构日志: fac54f02
